2025-08-10 15:14:40 - recommendation-service - INFO - Connected to MongoDB
2025-08-10 15:15:45 - recommendation-service - INFO - Connected to MongoDB
2025-08-10 15:25:17 - recommendation-service - INFO - Connected to MongoDB
2025-08-10 15:25:17 - recommendation-service - INFO - Loaded recommendation model from file
2025-08-10 15:25:17 - recommendation-service - INFO - Loaded user features from file
2025-08-10 15:25:17 - recommendation-service - INFO - Loaded item features from file
2025-08-10 15:25:17 - recommendation-service - INFO - Loaded user mapping from file (10 users)
2025-08-10 15:25:17 - recommendation-service - INFO - Loaded item mapping from file (65 products)
2025-08-10 15:25:17 - recommendation-service - INFO - Loaded feature mapping from file (31 features)
2025-08-10 15:25:17 - recommendation-service - INFO - Starting model refresh scheduler with interval 3600 seconds
2025-08-10 15:25:17 - recommendation-service - INFO - Training recommendation model
2025-08-10 15:25:17 - recommendation-service - INFO - Retrieving interaction data from database
2025-08-10 15:25:17 - recommendation-service - INFO - Data preparation complete
2025-08-10 15:25:18 - recommendation-service - INFO - Saved model and mappings to files
2025-08-10 15:25:18 - recommendation-service - INFO - Model training complete
2025-08-10 15:25:27 - recommendation-service - INFO - Performing initial model refresh
2025-08-10 15:25:27 - recommendation-service - INFO - Training recommendation model
2025-08-10 15:25:27 - recommendation-service - INFO - Retrieving interaction data from database
2025-08-10 15:25:27 - recommendation-service - INFO - Data preparation complete
2025-08-10 15:25:27 - recommendation-service - INFO - Saved model and mappings to files
2025-08-10 15:25:27 - recommendation-service - INFO - Model training complete
2025-08-10 15:25:43 - recommendation-service - INFO - Model refresh task cancelled
2025-08-10 15:25:43 - recommendation-service - INFO - Model refresh scheduler stopped
2025-08-10 15:25:43 - recommendation-service - INFO - Closed MongoDB connection
2025-08-10 15:25:45 - recommendation-service - INFO - Connected to MongoDB
2025-08-10 15:25:45 - recommendation-service - INFO - Loaded recommendation model from file
2025-08-10 15:25:45 - recommendation-service - INFO - Loaded user features from file
2025-08-10 15:25:45 - recommendation-service - INFO - Loaded item features from file
2025-08-10 15:25:45 - recommendation-service - INFO - Loaded user mapping from file (10 users)
2025-08-10 15:25:45 - recommendation-service - INFO - Loaded item mapping from file (65 products)
2025-08-10 15:25:45 - recommendation-service - INFO - Loaded feature mapping from file (31 features)
2025-08-10 15:25:45 - recommendation-service - INFO - Starting model refresh scheduler with interval 3600 seconds
2025-08-10 15:25:45 - recommendation-service - INFO - Training recommendation model
2025-08-10 15:25:45 - recommendation-service - INFO - Retrieving interaction data from database
2025-08-10 15:25:45 - recommendation-service - INFO - Data preparation complete
2025-08-10 15:25:45 - recommendation-service - INFO - Saved model and mappings to files
2025-08-10 15:25:45 - recommendation-service - INFO - Model training complete
2025-08-10 15:25:55 - recommendation-service - INFO - Performing initial model refresh
2025-08-10 15:25:55 - recommendation-service - INFO - Training recommendation model
2025-08-10 15:25:55 - recommendation-service - INFO - Retrieving interaction data from database
2025-08-10 15:25:55 - recommendation-service - INFO - Data preparation complete
2025-08-10 15:25:55 - recommendation-service - INFO - Saved model and mappings to files
2025-08-10 15:25:55 - recommendation-service - INFO - Model training complete
2025-08-10 15:26:01 - recommendation-service - ERROR - Error getting product details: All connection attempts failed
2025-08-10 15:26:14 - recommendation-service - ERROR - Error getting product details: All connection attempts failed
2025-08-10 15:26:19 - recommendation-service - INFO - Model refresh task cancelled
2025-08-10 15:26:19 - recommendation-service - INFO - Model refresh scheduler stopped
2025-08-10 15:26:19 - recommendation-service - INFO - Closed MongoDB connection
2025-08-10 15:49:42 - recommendation-service - INFO - Connected to MongoDB
2025-08-10 15:49:42 - recommendation-service - INFO - Loaded recommendation model from file
2025-08-10 15:49:42 - recommendation-service - INFO - Loaded user features from file
2025-08-10 15:49:42 - recommendation-service - INFO - Loaded item features from file
2025-08-10 15:49:42 - recommendation-service - INFO - Loaded user mapping from file (10 users)
2025-08-10 15:49:42 - recommendation-service - INFO - Loaded item mapping from file (65 products)
2025-08-10 15:49:42 - recommendation-service - INFO - Loaded feature mapping from file (31 features)
2025-08-10 15:49:42 - recommendation-service - INFO - Starting model refresh scheduler with interval 3600 seconds
2025-08-10 15:49:42 - recommendation-service - INFO - Training recommendation model
2025-08-10 15:49:42 - recommendation-service - INFO - Retrieving interaction data from database
2025-08-10 15:49:52 - recommendation-service - INFO - Performing initial model refresh
2025-08-10 15:49:52 - recommendation-service - INFO - Training recommendation model
2025-08-10 15:49:52 - recommendation-service - INFO - Retrieving interaction data from database
2025-08-10 15:50:12 - recommendation-service - ERROR - Error refreshing model: localhost:27017: [Errno 111] Connection refused, Timeout: 30s, Topology Description: <TopologyDescription id: 6898723e79d7dcd1c0e3314d, topology_type: Unknown, servers: [<ServerDescription ('localhost', 27017) server_type: Unknown, rtt: None, error=AutoReconnect('localhost:27017: [Errno 111] Connection refused')>]>
2025-08-10 15:50:22 - recommendation-service - ERROR - Error refreshing model: localhost:27017: [Errno 111] Connection refused, Timeout: 30s, Topology Description: <TopologyDescription id: 6898723e79d7dcd1c0e3314d, topology_type: Unknown, servers: [<ServerDescription ('localhost', 27017) server_type: Unknown, rtt: None, error=AutoReconnect('localhost:27017: [Errno 111] Connection refused')>]>
2025-08-10 15:50:22 - recommendation-service - ERROR - Initial model refresh failed: {'success': False, 'error': "localhost:27017: [Errno 111] Connection refused, Timeout: 30s, Topology Description: <TopologyDescription id: 6898723e79d7dcd1c0e3314d, topology_type: Unknown, servers: [<ServerDescription ('localhost', 27017) server_type: Unknown, rtt: None, error=AutoReconnect('localhost:27017: [Errno 111] Connection refused')>]>", 'timestamp': '2025-08-10T15:50:22.668595'}
2025-08-10 15:51:35 - recommendation-service - INFO - Model refresh task cancelled
2025-08-10 15:51:35 - recommendation-service - INFO - Model refresh scheduler stopped
2025-08-10 15:51:35 - recommendation-service - INFO - Closed MongoDB connection
2025-08-10 15:51:37 - recommendation-service - INFO - Connected to MongoDB
2025-08-10 15:51:37 - recommendation-service - INFO - Loaded recommendation model from file
2025-08-10 15:51:37 - recommendation-service - INFO - Loaded user features from file
2025-08-10 15:51:37 - recommendation-service - INFO - Loaded item features from file
2025-08-10 15:51:37 - recommendation-service - INFO - Loaded user mapping from file (10 users)
2025-08-10 15:51:37 - recommendation-service - INFO - Loaded item mapping from file (65 products)
2025-08-10 15:51:37 - recommendation-service - INFO - Loaded feature mapping from file (31 features)
2025-08-10 15:51:37 - recommendation-service - INFO - Starting model refresh scheduler with interval 3600 seconds
2025-08-10 15:51:37 - recommendation-service - INFO - Training recommendation model
2025-08-10 15:51:37 - recommendation-service - INFO - Retrieving interaction data from database
2025-08-10 15:51:47 - recommendation-service - INFO - Performing initial model refresh
2025-08-10 15:51:47 - recommendation-service - INFO - Training recommendation model
2025-08-10 15:51:47 - recommendation-service - INFO - Retrieving interaction data from database
2025-08-10 15:52:08 - recommendation-service - ERROR - Error refreshing model: localhost:27017: [Errno 111] Connection refused, Timeout: 30s, Topology Description: <TopologyDescription id: 689872b126846bbeb38e3115, topology_type: Unknown, servers: [<ServerDescription ('localhost', 27017) server_type: Unknown, rtt: None, error=AutoReconnect('localhost:27017: [Errno 111] Connection refused')>]>
2025-08-10 15:52:18 - recommendation-service - ERROR - Error refreshing model: localhost:27017: [Errno 111] Connection refused, Timeout: 30s, Topology Description: <TopologyDescription id: 689872b126846bbeb38e3115, topology_type: Unknown, servers: [<ServerDescription ('localhost', 27017) server_type: Unknown, rtt: None, error=AutoReconnect('localhost:27017: [Errno 111] Connection refused')>]>
2025-08-10 15:52:18 - recommendation-service - ERROR - Initial model refresh failed: {'success': False, 'error': "localhost:27017: [Errno 111] Connection refused, Timeout: 30s, Topology Description: <TopologyDescription id: 689872b126846bbeb38e3115, topology_type: Unknown, servers: [<ServerDescription ('localhost', 27017) server_type: Unknown, rtt: None, error=AutoReconnect('localhost:27017: [Errno 111] Connection refused')>]>", 'timestamp': '2025-08-10T15:52:18.211078'}
2025-08-10 15:55:04 - recommendation-service - INFO - Model refresh task cancelled
2025-08-10 15:55:04 - recommendation-service - INFO - Model refresh scheduler stopped
2025-08-10 15:55:04 - recommendation-service - INFO - Closed MongoDB connection
2025-08-10 16:03:39 - recommendation-service - INFO - Connected to MongoDB
2025-08-10 16:03:39 - recommendation-service - INFO - Loaded recommendation model from file
2025-08-10 16:03:39 - recommendation-service - INFO - Loaded user features from file
2025-08-10 16:03:39 - recommendation-service - INFO - Loaded item features from file
2025-08-10 16:03:39 - recommendation-service - INFO - Loaded user mapping from file (10 users)
2025-08-10 16:03:39 - recommendation-service - INFO - Loaded item mapping from file (65 products)
2025-08-10 16:03:39 - recommendation-service - INFO - Loaded feature mapping from file (31 features)
2025-08-10 16:03:39 - recommendation-service - INFO - Starting model refresh scheduler with interval 3600 seconds
2025-08-10 16:03:39 - recommendation-service - INFO - Training recommendation model
2025-08-10 16:03:39 - recommendation-service - INFO - Retrieving interaction data from database
2025-08-10 16:03:39 - recommendation-service - INFO - Data preparation complete
2025-08-10 16:03:39 - recommendation-service - INFO - Saved model and mappings to files
2025-08-10 16:03:39 - recommendation-service - INFO - Model training complete
2025-08-10 16:03:49 - recommendation-service - INFO - Performing initial model refresh
2025-08-10 16:03:49 - recommendation-service - INFO - Training recommendation model
2025-08-10 16:03:49 - recommendation-service - INFO - Retrieving interaction data from database
2025-08-10 16:03:49 - recommendation-service - INFO - Data preparation complete
2025-08-10 16:03:49 - recommendation-service - INFO - Saved model and mappings to files
2025-08-10 16:03:49 - recommendation-service - INFO - Model training complete
2025-08-10 16:04:06 - recommendation-service - ERROR - Error getting product details: All connection attempts failed
2025-08-10 16:04:23 - recommendation-service - INFO - Training recommendation model
2025-08-10 16:04:23 - recommendation-service - INFO - Retrieving interaction data from database
2025-08-10 16:04:23 - recommendation-service - INFO - Data preparation complete
2025-08-10 16:04:23 - recommendation-service - INFO - Saved model and mappings to files
2025-08-10 16:04:23 - recommendation-service - INFO - Model training complete
2025-08-10 16:05:02 - recommendation-service - INFO - Model refresh task cancelled
2025-08-10 16:05:02 - recommendation-service - INFO - Model refresh scheduler stopped
2025-08-10 16:05:02 - recommendation-service - INFO - Closed MongoDB connection
2025-08-10 14:19:52 - recommendation-service - INFO - Connected to MongoDB
2025-08-10 14:19:52 - recommendation-service - INFO - Loaded recommendation model from file
2025-08-10 14:19:52 - recommendation-service - INFO - Loaded user features from file
2025-08-10 14:19:52 - recommendation-service - INFO - Loaded item features from file
2025-08-10 14:19:52 - recommendation-service - INFO - Loaded user mapping from file (10 users)
2025-08-10 14:19:52 - recommendation-service - INFO - Loaded item mapping from file (65 products)
2025-08-10 14:19:52 - recommendation-service - INFO - Loaded feature mapping from file (31 features)
2025-08-10 14:19:52 - recommendation-service - INFO - Starting model refresh scheduler with interval 3600 seconds
2025-08-10 14:19:52 - recommendation-service - INFO - Training recommendation model
2025-08-10 14:19:52 - recommendation-service - INFO - Retrieving interaction data from database
2025-08-10 14:20:02 - recommendation-service - INFO - Performing initial model refresh
2025-08-10 14:20:02 - recommendation-service - INFO - Training recommendation model
2025-08-10 14:20:02 - recommendation-service - INFO - Retrieving interaction data from database
2025-08-10 14:20:22 - recommendation-service - ERROR - Error refreshing model: localhost:27017: [Errno 111] Connection refused, Timeout: 30s, Topology Description: <TopologyDescription id: 6898aa88765d07fc22f04f2c, topology_type: Unknown, servers: [<ServerDescription ('localhost', 27017) server_type: Unknown, rtt: None, error=AutoReconnect('localhost:27017: [Errno 111] Connection refused')>]>
2025-08-10 14:20:32 - recommendation-service - ERROR - Error refreshing model: localhost:27017: [Errno 111] Connection refused, Timeout: 30s, Topology Description: <TopologyDescription id: 6898aa88765d07fc22f04f2c, topology_type: Unknown, servers: [<ServerDescription ('localhost', 27017) server_type: Unknown, rtt: None, error=AutoReconnect('localhost:27017: [Errno 111] Connection refused')>]>
2025-08-10 14:20:32 - recommendation-service - ERROR - Initial model refresh failed: {'success': False, 'error': "localhost:27017: [Errno 111] Connection refused, Timeout: 30s, Topology Description: <TopologyDescription id: 6898aa88765d07fc22f04f2c, topology_type: Unknown, servers: [<ServerDescription ('localhost', 27017) server_type: Unknown, rtt: None, error=AutoReconnect('localhost:27017: [Errno 111] Connection refused')>]>", 'timestamp': '2025-08-10T14:20:32.447538'}
2025-08-10 14:20:32 - recommendation-service - ERROR - Error getting product details: [Errno -2] Name or service not known
2025-08-10 14:20:42 - recommendation-service - ERROR - Error getting product details: [Errno -2] Name or service not known
2025-08-10 14:20:51 - recommendation-service - INFO - Training recommendation model
2025-08-10 14:20:51 - recommendation-service - INFO - Retrieving interaction data from database
2025-08-10 14:21:22 - recommendation-service - ERROR - Error refreshing model: localhost:27017: [Errno 111] Connection refused, Timeout: 30s, Topology Description: <TopologyDescription id: 6898aa88765d07fc22f04f2c, topology_type: Unknown, servers: [<ServerDescription ('localhost', 27017) server_type: Unknown, rtt: None, error=AutoReconnect('localhost:27017: [Errno 111] Connection refused')>]>
2025-08-10 14:21:23 - recommendation-service - INFO - Model refresh task cancelled
2025-08-10 14:21:23 - recommendation-service - INFO - Model refresh scheduler stopped
2025-08-10 14:21:23 - recommendation-service - INFO - Closed MongoDB connection
